MermaidJS update from https://unpkg.com/mermaid/dist on Sun Jun 10 19:56:43 DST 2018
--2018-06-10 19:56:43--  https://unpkg.com/mermaid/dist/mermaid.css
Resolving unpkg.com (unpkg.com)... 104.16.124.175, 104.16.126.175, 104.16.123.175, ...
Connecting to unpkg.com (unpkg.com)|104.16.124.175|:443... connected.
HTTP request sent, awaiting response... 302 Found
Location: /mermaid@8.0.0-rc.8/dist/mermaid.css [following]
--2018-06-10 19:56:43--  https://unpkg.com/mermaid@8.0.0-rc.8/dist/mermaid.css
Reusing existing connection to unpkg.com:443.
HTTP request sent, awaiting response... 404 Not Found
2018-06-10 19:56:43 ERROR 404: Not Found.

--2018-06-10 19:56:43--  https://unpkg.com/mermaid/dist/mermaid.dark.css
Resolving unpkg.com (unpkg.com)... 104.16.126.175, 104.16.124.175, 104.16.122.175, ...
Connecting to unpkg.com (unpkg.com)|104.16.126.175|:443... connected.
HTTP request sent, awaiting response... 302 Found
Location: /mermaid@8.0.0-rc.8/dist/mermaid.dark.css [following]
--2018-06-10 19:56:43--  https://unpkg.com/mermaid@8.0.0-rc.8/dist/mermaid.dark.css
Reusing existing connection to unpkg.com:443.
HTTP request sent, awaiting response... 404 Not Found
2018-06-10 19:56:43 ERROR 404: Not Found.

--2018-06-10 19:56:43--  https://unpkg.com/mermaid/dist/mermaid.forest.css
Resolving unpkg.com (unpkg.com)... 104.16.122.175, 104.16.126.175, 104.16.123.175, ...
Connecting to unpkg.com (unpkg.com)|104.16.122.175|:443... connected.
HTTP request sent, awaiting response... 302 Found
Location: /mermaid@8.0.0-rc.8/dist/mermaid.forest.css [following]
--2018-06-10 19:56:43--  https://unpkg.com/mermaid@8.0.0-rc.8/dist/mermaid.forest.css
Reusing existing connection to unpkg.com:443.
HTTP request sent, awaiting response... 404 Not Found
2018-06-10 19:56:43 ERROR 404: Not Found.

--2018-06-10 19:56:43--  https://unpkg.com/mermaid/dist/mermaid.js
Resolving unpkg.com (unpkg.com)... 104.16.123.175, 104.16.125.175, 104.16.122.175, ...
Connecting to unpkg.com (unpkg.com)|104.16.123.175|:443... connected.
HTTP request sent, awaiting response... 302 Found
Location: /mermaid@8.0.0-rc.8/dist/mermaid.js [following]
--2018-06-10 19:56:44--  https://unpkg.com/mermaid@8.0.0-rc.8/dist/mermaid.js
Reusing existing connection to unpkg.com:443.
HTTP request sent, awaiting response... 200 OK
Length: 2733587 (2.6M) [application/javascript]
Saving to: ‘./static/mermaid/mermaid.js’

     0K .......... .......... .......... .......... ..........  1% 2.75M 1s
    50K .......... .......... .......... .......... ..........  3% 10.3M 1s
   100K .......... .......... .......... .......... ..........  5% 6.87M 0s
   150K .......... .......... .......... .......... ..........  7% 6.78M 0s
   200K .......... .......... .......... .......... ..........  9% 6.30M 0s
   250K .......... .......... .......... .......... .......... 11% 11.2M 0s
   300K .......... .......... .......... .......... .......... 13% 11.4M 0s
   350K .......... .......... .......... .......... .......... 14% 8.89M 0s
   400K .......... .......... .......... .......... .......... 16% 11.1M 0s
   450K .......... .......... .......... .......... .......... 18% 11.6M 0s
   500K .......... .......... .......... .......... .......... 20% 11.6M 0s
   550K .......... .......... .......... .......... .......... 22% 10.9M 0s
   600K .......... .......... .......... .......... .......... 24% 11.2M 0s
   650K .......... .......... .......... .......... .......... 26% 11.5M 0s
   700K .......... .......... .......... .......... .......... 28% 11.4M 0s
   750K .......... .......... .......... .......... .......... 29% 8.74M 0s
   800K .......... .......... .......... .......... .......... 31% 11.2M 0s
   850K .......... .......... .......... .......... .......... 33% 11.4M 0s
   900K .......... .......... .......... .......... .......... 35% 11.9M 0s
   950K .......... .......... .......... .......... .......... 37% 10.4M 0s
  1000K .......... .......... .......... .......... .......... 39% 11.3M 0s
  1050K .......... .......... .......... .......... .......... 41% 10.9M 0s
  1100K .......... .......... .......... .......... .......... 43% 12.4M 0s
  1150K .......... .......... .......... .......... .......... 44% 8.49M 0s
  1200K .......... .......... .......... .......... .......... 46% 11.6M 0s
  1250K .......... .......... .......... .......... .......... 48% 11.0M 0s
  1300K .......... .......... .......... .......... .......... 50% 11.3M 0s
  1350K .......... .......... .......... .......... .......... 52% 11.5M 0s
  1400K .......... .......... .......... .......... .......... 54% 11.8M 0s
  1450K .......... .......... .......... .......... .......... 56% 10.8M 0s
  1500K .......... .......... .......... .......... .......... 58% 10.9M 0s
  1550K .......... .......... .......... .......... .......... 59% 9.16M 0s
  1600K .......... .......... .......... .......... .......... 61% 11.2M 0s
  1650K .......... .......... .......... .......... .......... 63% 11.1M 0s
  1700K .......... .......... .......... .......... .......... 65% 12.2M 0s
  1750K .......... .......... .......... .......... .......... 67% 10.4M 0s
  1800K .......... .......... .......... .......... .......... 69% 10.8M 0s
  1850K .......... .......... .......... .......... .......... 71% 12.2M 0s
  1900K .......... .......... .......... .......... .......... 73% 10.7M 0s
  1950K .......... .......... .......... .......... .......... 74% 8.98M 0s
  2000K .......... .......... .......... .......... .......... 76% 11.4M 0s
  2050K .......... .......... .......... .......... .......... 78% 11.1M 0s
  2100K .......... .......... .......... .......... .......... 80% 11.2M 0s
  2150K .......... .......... .......... .......... .......... 82% 10.8M 0s
  2200K .......... .......... .......... .......... .......... 84% 11.3M 0s
  2250K .......... .......... .......... .......... .......... 86% 12.3M 0s
  2300K .......... .......... .......... .......... .......... 88% 11.4M 0s
  2350K .......... .......... .......... .......... .......... 89% 8.54M 0s
  2400K .......... .......... .......... .......... .......... 91% 11.5M 0s
  2450K .......... .......... .......... .......... .......... 93% 11.1M 0s
  2500K .......... .......... .......... .......... .......... 95% 11.7M 0s
  2550K .......... .......... .......... .......... .......... 97% 10.6M 0s
  2600K .......... .......... .......... .......... .......... 99% 11.5M 0s
  2650K .......... .........                                  100% 16.8M=0.3s

2018-06-10 19:56:44 (10.0 MB/s) - ‘./static/mermaid/mermaid.js’ saved [2733587/2733587]

--2018-06-10 19:56:44--  https://unpkg.com/mermaid/dist/mermaid.min.js
Resolving unpkg.com (unpkg.com)... 104.16.123.175, 104.16.125.175, 104.16.122.175, ...
Connecting to unpkg.com (unpkg.com)|104.16.123.175|:443... connected.
HTTP request sent, awaiting response... 302 Found
Location: /mermaid@8.0.0-rc.8/dist/mermaid.min.js [following]
--2018-06-10 19:56:44--  https://unpkg.com/mermaid@8.0.0-rc.8/dist/mermaid.min.js
Reusing existing connection to unpkg.com:443.
HTTP request sent, awaiting response... 200 OK
Length: 853715 (834K) [application/javascript]
Saving to: ‘./static/mermaid/mermaid.min.js’

     0K .......... .......... .......... .......... ..........  5% 3.13M 0s
    50K .......... .......... .......... .......... .......... 11% 6.43M 0s
   100K .......... .......... .......... .......... .......... 17% 6.69M 0s
   150K .......... .......... .......... .......... .......... 23% 6.76M 0s
   200K .......... .......... .......... .......... .......... 29% 7.16M 0s
   250K .......... .......... .......... .......... .......... 35% 7.17M 0s
   300K .......... .......... .......... .......... .......... 41% 8.94M 0s
   350K .......... .......... .......... .......... .......... 47% 6.56M 0s
   400K .......... .......... .......... .......... .......... 53% 7.99M 0s
   450K .......... .......... .......... .......... .......... 59% 10.7M 0s
   500K .......... .......... .......... .......... .......... 65% 9.38M 0s
   550K .......... .......... .......... .......... .......... 71% 8.71M 0s
   600K .......... .......... .......... .......... .......... 77% 11.4M 0s
   650K .......... .......... .......... .......... .......... 83% 11.5M 0s
   700K .......... .......... .......... .......... .......... 89% 10.2M 0s
   750K .......... .......... .......... .......... .......... 95% 8.89M 0s
   800K .......... .......... .......... ...                  100% 16.9M=0.1s

2018-06-10 19:56:44 (7.65 MB/s) - ‘./static/mermaid/mermaid.min.js’ saved [853715/853715]

